<?xml version="1.0" encoding="UTF-8"?>
<testsuite xmlns:xsi="http://www.w3.org/2001/XMLSchema-instance" xsi:schemaLocation="https://maven.apache.org/surefire/maven-surefire-plugin/xsd/surefire-test-report.xsd" name="TestSuite" time="306.016" tests="8" errors="0" skipped="3" failures="3">
  <properties>
[...]
</properties>
  <testcase name="login" classname="com.test.MavenNewProject.Tracko" time="0.002"/>
  <testcase name="login" classname="com.test.MavenNewProject.Tracko" time="0">
    <skipped message="timeouts&#10;Build info: version: &apos;3.4.0&apos;, revision: &apos;unknown&apos;, time: &apos;unknown&apos;&#10;System info: host: &apos;AM-PC&apos;, ip: &apos;192.168.0.7&apos;, os.name: &apos;Windows 7&apos;, os.arch: &apos;amd64&apos;, os.version: &apos;6.1&apos;, java.version: &apos;1.8.0_25&apos;&#10;Driver info: org.openqa.selenium.firefox.FirefoxDriver&#10;Capabilities [{moz:profile=C:\Users\am\AppData\Local\Temp\rust_mozprofile.deV8BErCkV7v, rotatable=false, timeouts={implicit=0.0, pageLoad=300000.0, script=30000.0}, pageLoadStrategy=normal, moz:headless=false, platform=ANY, specificationLevel=0.0, moz:accessibilityChecks=false, acceptInsecureCerts=false, browserVersion=56.0, platformVersion=6.1, moz:processID=9032.0, browserName=firefox, javascriptEnabled=true, platformName=windows_nt}]&#10;Session ID: 6c0445c1-e010-40b0-a282-b5d884db1482"/>
  </testcase>
  <testcase name="login" classname="com.test.MavenNewProject.Tracko" time="0"/>
  <testcase name="signup" classname="com.test.MavenNewProject.Tracko" time="27.177">
    <failure message="unknown error: cannot focus element&#10;  (Session info: chrome=60.0.3112.113)&#10;  (Driver info: chromedriver=2.29.461591 (62ebf098771772160f391d75e589dc567915b233),platform=Windows NT 6.1.7601 SP1 x86_64) (WARNING: The server did not provide any stacktrace information)&#10;Command duration or timeout: 65 milliseconds&#10;Build info: version: &apos;3.4.0&apos;, revision: &apos;unknown&apos;, time: &apos;unknown&apos;&#10;System info: host: &apos;AM-PC&apos;, ip: &apos;192.168.0.7&apos;, os.name: &apos;Windows 7&apos;, os.arch: &apos;amd64&apos;, os.version: &apos;6.1&apos;, java.version: &apos;1.8.0_25&apos;&#10;Driver info: org.openqa.selenium.chrome.ChromeDriver&#10;Capabilities [{applicationCacheEnabled=false, rotatable=false, mobileEmulationEnabled=false, networkConnectionEnabled=false, chrome={chromedriverVersion=2.29.461591 (62ebf098771772160f391d75e589dc567915b233), userDataDir=C:\Users\am\AppData\Local\Temp\scoped_dir3280_2277}, takesHeapSnapshot=true, pageLoadStrategy=normal, databaseEnabled=false, handlesAlerts=true, hasTouchScreen=false, version=60.0.3112.113, platform=XP, browserConnectionEnabled=false, nativeEvents=true, acceptSslCerts=true, locationContextEnabled=true, webStorageEnabled=true, browserName=chrome, takesScreenshot=true, javascriptEnabled=true, cssSelectorsEnabled=true, unexpectedAlertBehaviour=}]&#10;Session ID: bc1cc2c39a1456166d01cac0a311aa94" type="org.openqa.selenium.WebDriverException">org.openqa.selenium.WebDriverException: 
unknown error: cannot focus element
  (Session info: chrome=60.0.3112.113)
  (Driver info: chromedriver=2.29.461591 (62ebf098771772160f391d75e589dc567915b233),platform=Windows NT 6.1.7601 SP1 x86_64) (WARNING: The server did not provide any stacktrace information)
Command duration or timeout: 65 milliseconds
Build info: version: '3.4.0', revision: 'unknown', time: 'unknown'
System info: host: 'AM-PC', ip: '192.168.0.7', os.name: 'Windows 7', os.arch: 'amd64', os.version: '6.1', java.version: '1.8.0_25'
Driver info: org.openqa.selenium.chrome.ChromeDriver
Capabilities [{applicationCacheEnabled=false, rotatable=false, mobileEmulationEnabled=false, networkConnectionEnabled=false, chrome={chromedriverVersion=2.29.461591 (62ebf098771772160f391d75e589dc567915b233), userDataDir=C:\Users\am\AppData\Local\Temp\scoped_dir3280_2277}, takesHeapSnapshot=true, pageLoadStrategy=normal, databaseEnabled=false, handlesAlerts=true, hasTouchScreen=false, version=60.0.3112.113, platform=XP, browserConnectionEnabled=false, nativeEvents=true, acceptSslCerts=true, locationContextEnabled=true, webStorageEnabled=true, browserName=chrome, takesScreenshot=true, javascriptEnabled=true, cssSelectorsEnabled=true, unexpectedAlertBehaviour=}]
Session ID: bc1cc2c39a1456166d01cac0a311aa94
	at com.test.MavenNewProject.Tracko.signup(Tracko.java:55)
</failure>
    <system-out><![CDATA[Signup
]]></system-out>
  </testcase>
  <testcase name="signup" classname="com.test.MavenNewProject.Tracko" time="0">
    <skipped message="timeouts&#10;Build info: version: &apos;3.4.0&apos;, revision: &apos;unknown&apos;, time: &apos;unknown&apos;&#10;System info: host: &apos;AM-PC&apos;, ip: &apos;192.168.0.7&apos;, os.name: &apos;Windows 7&apos;, os.arch: &apos;amd64&apos;, os.version: &apos;6.1&apos;, java.version: &apos;1.8.0_25&apos;&#10;Driver info: org.openqa.selenium.firefox.FirefoxDriver&#10;Capabilities [{moz:profile=C:\Users\am\AppData\Local\Temp\rust_mozprofile.deV8BErCkV7v, rotatable=false, timeouts={implicit=0.0, pageLoad=300000.0, script=30000.0}, pageLoadStrategy=normal, moz:headless=false, platform=ANY, specificationLevel=0.0, moz:accessibilityChecks=false, acceptInsecureCerts=false, browserVersion=56.0, platformVersion=6.1, moz:processID=9032.0, browserName=firefox, javascriptEnabled=true, platformName=windows_nt}]&#10;Session ID: 6c0445c1-e010-40b0-a282-b5d884db1482"/>
  </testcase>
  <testcase name="signup" classname="com.test.MavenNewProject.Tracko" time="214.342">
    <failure message="Element is not displayed (WARNING: The server did not provide any stacktrace information)&#10;Command duration or timeout: 199 milliseconds&#10;Build info: version: &apos;3.4.0&apos;, revision: &apos;unknown&apos;, time: &apos;unknown&apos;&#10;System info: host: &apos;AM-PC&apos;, ip: &apos;192.168.0.7&apos;, os.name: &apos;Windows 7&apos;, os.arch: &apos;amd64&apos;, os.version: &apos;6.1&apos;, java.version: &apos;1.8.0_25&apos;&#10;Driver info: org.openqa.selenium.ie.InternetExplorerDriver&#10;Capabilities [{browserAttachTimeout=0.0, ie.enableFullPageScreenshot=true, enablePersistentHover=true, ie.forceCreateProcessApi=false, ie.forceShellWindowsApi=false, pageLoadStrategy=normal, ignoreZoomSetting=false, ie.fileUploadDialogTimeout=3000.0, version=11, platform=WINDOWS, nativeEvents=true, ie.ensureCleanSession=false, elementScrollBehavior=0.0, ie.browserCommandLineSwitches=, requireWindowFocus=false, browserName=internet explorer, initialBrowserUrl=http://localhost:16326/, javascriptEnabled=true, ignoreProtectedModeSettings=false, enableElementCacheCleanup=true, unexpectedAlertBehaviour=dismiss}]&#10;Session ID: 07bb8854-b7e5-47f5-8257-f3a2b235887c" type="org.openqa.selenium.ElementNotVisibleException">org.openqa.selenium.ElementNotVisibleException: 
Element is not displayed (WARNING: The server did not provide any stacktrace information)
Command duration or timeout: 199 milliseconds
Build info: version: '3.4.0', revision: 'unknown', time: 'unknown'
System info: host: 'AM-PC', ip: '192.168.0.7', os.name: 'Windows 7', os.arch: 'amd64', os.version: '6.1', java.version: '1.8.0_25'
Driver info: org.openqa.selenium.ie.InternetExplorerDriver
Capabilities [{browserAttachTimeout=0.0, ie.enableFullPageScreenshot=true, enablePersistentHover=true, ie.forceCreateProcessApi=false, ie.forceShellWindowsApi=false, pageLoadStrategy=normal, ignoreZoomSetting=false, ie.fileUploadDialogTimeout=3000.0, version=11, platform=WINDOWS, nativeEvents=true, ie.ensureCleanSession=false, elementScrollBehavior=0.0, ie.browserCommandLineSwitches=, requireWindowFocus=false, browserName=internet explorer, initialBrowserUrl=http://localhost:16326/, javascriptEnabled=true, ignoreProtectedModeSettings=false, enableElementCacheCleanup=true, unexpectedAlertBehaviour=dismiss}]
Session ID: 07bb8854-b7e5-47f5-8257-f3a2b235887c
	at com.test.MavenNewProject.Tracko.signup(Tracko.java:54)
</failure>
    <system-out><![CDATA[Signup
]]></system-out>
  </testcase>
  <testcase name="beforeTest" classname="com.test.MavenNewProject.Tracko" time="47.049">
    <failure message="timeouts&#10;Build info: version: &apos;3.4.0&apos;, revision: &apos;unknown&apos;, time: &apos;unknown&apos;&#10;System info: host: &apos;AM-PC&apos;, ip: &apos;192.168.0.7&apos;, os.name: &apos;Windows 7&apos;, os.arch: &apos;amd64&apos;, os.version: &apos;6.1&apos;, java.version: &apos;1.8.0_25&apos;&#10;Driver info: org.openqa.selenium.firefox.FirefoxDriver&#10;Capabilities [{moz:profile=C:\Users\am\AppData\Local\Temp\rust_mozprofile.deV8BErCkV7v, rotatable=false, timeouts={implicit=0.0, pageLoad=300000.0, script=30000.0}, pageLoadStrategy=normal, moz:headless=false, platform=ANY, specificationLevel=0.0, moz:accessibilityChecks=false, acceptInsecureCerts=false, browserVersion=56.0, platformVersion=6.1, moz:processID=9032.0, browserName=firefox, javascriptEnabled=true, platformName=windows_nt}]&#10;Session ID: 6c0445c1-e010-40b0-a282-b5d884db1482" type="org.openqa.selenium.WebDriverException">org.openqa.selenium.WebDriverException: 
timeouts
Build info: version: '3.4.0', revision: 'unknown', time: 'unknown'
System info: host: 'AM-PC', ip: '192.168.0.7', os.name: 'Windows 7', os.arch: 'amd64', os.version: '6.1', java.version: '1.8.0_25'
Driver info: org.openqa.selenium.firefox.FirefoxDriver
Capabilities [{moz:profile=C:\Users\am\AppData\Local\Temp\rust_mozprofile.deV8BErCkV7v, rotatable=false, timeouts={implicit=0.0, pageLoad=300000.0, script=30000.0}, pageLoadStrategy=normal, moz:headless=false, platform=ANY, specificationLevel=0.0, moz:accessibilityChecks=false, acceptInsecureCerts=false, browserVersion=56.0, platformVersion=6.1, moz:processID=9032.0, browserName=firefox, javascriptEnabled=true, platformName=windows_nt}]
Session ID: 6c0445c1-e010-40b0-a282-b5d884db1482
	at com.test.MavenNewProject.Tracko.beforeTest(Tracko.java:43)
</failure>
    <system-out><![CDATA[signupfirefox
]]></system-out>
    <system-err><![CDATA[1505103399481	geckodriver	INFO	Listening on 127.0.0.1:21451
1505103400614	geckodriver::marionette	INFO	Starting browser C:\Program Files (x86)\Mozilla Firefox\firefox.exe with args ["-marionette"]
1505103405319	addons.xpi	WARN	Error parsing extensions state: [Exception... "Component returned failure code: 0x80520012 (NS_ERROR_FILE_NOT_FOUND) [amIAddonManagerStartup.readStartupData]"  nsresult: "0x80520012 (NS_ERROR_FILE_NOT_FOUND)"  location: "JS frame :: resource://gre/modules/addons/XPIProvider.jsm :: loadExtensionState :: line 1544"  data: no] Stack trace: loadExtensionState()@resource://gre/modules/addons/XPIProvider.jsm:1544 < getInstallState()@resource://gre/modules/addons/XPIProvider.jsm:1579 < checkForChanges()@resource://gre/modules/addons/XPIProvider.jsm:3099 < startup()@resource://gre/modules/addons/XPIProvider.jsm:2178 < callProvider()@resource://gre/modules/AddonManager.jsm:269 < _startProvider()@resource://gre/modules/AddonManager.jsm:739 < startup()@resource://gre/modules/AddonManager.jsm:906 < startup()@resource://gre/modules/AddonManager.jsm:3090 < observe()@jar:file:///C:/Program%20Files%20(x86)/Mozilla%20Firefox/omni.ja!/components/addonManager.js:65
1505103406832	addons.xpi	WARN	Exception running bootstrap method startup on clicktoplay-rollout@mozilla.org: [Exception... "Component returned failure code: 0x8000ffff (NS_ERROR_UNEXPECTED) [nsIPrefBranch.getStringPref]"  nsresult: "0x8000ffff (NS_ERROR_UNEXPECTED)"  location: "JS frame :: resource://gre/modules/addons/XPIProvider.jsm -> jar:file:///C:/Program%20Files%20(x86)/Mozilla%20Firefox/browser/features/clicktoplay-rollout@mozilla.org.xpi!/bootstrap.js :: defineCohort :: line 49"  data: no] Stack trace: defineCohort()@resource://gre/modules/addons/XPIProvider.jsm -> jar:file:///C:/Program%20Files%20(x86)/Mozilla%20Firefox/browser/features/clicktoplay-rollout@mozilla.org.xpi!/bootstrap.js:49 < startup()@resource://gre/modules/addons/XPIProvider.jsm -> jar:file:///C:/Program%20Files%20(x86)/Mozilla%20Firefox/browser/features/clicktoplay-rollout@mozilla.org.xpi!/bootstrap.js:40 < callBootstrapMethod()@resource://gre/modules/addons/XPIProvider.jsm:4395 < startup()@resource://gre/modules/addons/XPIProvider.jsm:2229 < callProvider()@resource://gre/modules/AddonManager.jsm:269 < _startProvider()@resource://gre/modules/AddonManager.jsm:739 < startup()@resource://gre/modules/AddonManager.jsm:906 < startup()@resource://gre/modules/AddonManager.jsm:3090 < observe()@jar:file:///C:/Program%20Files%20(x86)/Mozilla%20Firefox/omni.ja!/components/addonManager.js:65
[GFX1-]: Mismatched driver versions between the registry 8.933.3.4000 and DLL(s) 8.15.10.2696,  reported.
1505103407964	Marionette	INFO	Enabled via --marionette
[GFX1-]: Mismatched driver versions between the registry 8.933.3.4000 and DLL(s) 8.15.10.2696,  reported.
[GFX1-]: Mismatched driver versions between the registry 8.933.3.4000 and DLL(s) 8.15.10.2696,  reported.
[GFX1-]: Mismatched driver versions between the registry 8.933.3.4000 and DLL(s) 8.15.10.2696,  reported.
[Child 9948] WARNING: pipe error: 109: file z:/build/build/src/ipc/chromium/src/chrome/common/ipc_channel_win.cc, line 346
[Child 9948] WARNING: pipe error: 109: file z:/build/build/src/ipc/chromium/src/chrome/common/ipc_channel_win.cc, line 346
1505103415079	Marionette	INFO	Listening on port 51950
1505103415527	Marionette	DEBUG	Register listener.js for window 6442450945
Sep 11, 2017 9:46:55 AM org.openqa.selenium.remote.ProtocolHandshake createSession
INFO: Detected dialect: W3C
Sep 11, 2017 9:46:55 AM org.openqa.selenium.remote.ErrorCodes toStatus
INFO: HTTP Status: '404' -> incorrect JSON status mapping for 'unknown error' (500 expected)
]]></system-err>
  </testcase>
  <testcase name="afterTest" classname="com.test.MavenNewProject.Tracko" time="0">
    <skipped/>
  </testcase>
</testsuite>